[debug] [2021-12-01T07:28:13.924Z] ----------------------------------------------------------------------
[debug] [2021-12-01T07:28:13.952Z] Command:       C:\Program Files\nodejs\node.exe C:\Users\PATHAN\AppData\Roaming\npm\node_modules\firebase-tools\lib\bin\firebase.js init
[debug] [2021-12-01T07:28:13.953Z] CLI Version:   9.23.0
[debug] [2021-12-01T07:28:13.953Z] Platform:      win32
[debug] [2021-12-01T07:28:13.954Z] Node Version:  v14.18.1
[debug] [2021-12-01T07:28:14.237Z] Time:          Wed Dec 01 2021 12:58:13 GMT+0530 (India Standard Time)
[debug] [2021-12-01T07:28:14.238Z] ----------------------------------------------------------------------
[debug] 
[debug] [2021-12-01T07:28:14.331Z] > command requires scopes: ["email","openid","https://www.googleapis.com/auth/cloudplatformprojects.readonly","https://www.googleapis.com/auth/firebase","https://www.googleapis.com/auth/cloud-platform"]
[debug] [2021-12-01T07:28:14.332Z] > authorizing via signed-in user (aamerpathan256@gmail.com)
[info] 
     ######## #### ########  ######## ########     ###     ######  ########
     ##        ##  ##     ## ##       ##     ##  ##   ##  ##       ##
     ######    ##  ########  ######   ########  #########  ######  ######
     ##        ##  ##    ##  ##       ##     ## ##     ##       ## ##
     ##       #### ##     ## ######## ########  ##     ##  ######  ########

You're about to initialize a Firebase project in this directory:

  C:\angular\udemyTutorial\second-app

Before we get started, keep in mind:

  * You are currently outside your home directory

[info] 
=== Project Setup
[info] 
[info] First, let's associate this project directory with a Firebase project.
[info] You can create multiple project aliases by running firebase use --add, 
[info] but for now we'll just set up a default project.
[info] 
[debug] [2021-12-01T07:31:16.593Z] >>> [apiv2][query] GET https://firebase.googleapis.com/v1beta1/projects pageSize=100
[debug] [2021-12-01T07:31:18.475Z] <<< [apiv2][status] GET https://firebase.googleapis.com/v1beta1/projects 200
[debug] [2021-12-01T07:31:18.476Z] <<< [apiv2][body] GET https://firebase.googleapis.com/v1beta1/projects [omitted]
[info] i  Using project ng-course-recipe-book-b7043 (ng-course-recipe-book) 
[info] 
=== Hosting:github Setup
[info] 
[info] i  Detected a .git folder at C:\angular\udemyTutorial\second-app 
[info] i  Authorizing with GitHub to upload your service account to a GitHub repository's secrets store. 
[info] 
[info] Visit this URL on this device to log in:
[info] https://github.com/login/oauth/authorize?client_id=89cf50f02ac6aaed3484&state=1007665527&redirect_uri=http%3A%2F%2Flocalhost%3A9005&scope=read%3Auser%20repo%20public_repo
[info] 
[info] Waiting for authentication...
[debug] [2021-12-01T07:47:59.926Z] >>> HTTP REQUEST POST https://github.com/login/oauth/access_token  
 {"client_id":"89cf50f02ac6aaed3484","client_secret":"3330d14abc895d9a74d5f17cd7a00711fa2c5bf0","code":"3e1a3798a2be82c6c016","redirect_uri":"http://localhost:9005","state":"1007665527"}
[debug] [2021-12-01T07:48:02.447Z] <<< HTTP RESPONSE 200 {"server":"GitHub.com","date":"Wed, 01 Dec 2021 07:48:02 GMT","content-type":"application/json; charset=utf-8","transfer-encoding":"chunked","vary":"X-PJAX, X-PJAX-Container, Accept-Encoding, Accept, X-Requested-With","permissions-policy":"interest-cohort=()","etag":"W/\"9bdf1b050d9281dcf5e92de8f27b6f4d\"","cache-control":"max-age=0, private, must-revalidate","strict-transport-security":"max-age=31536000; includeSubdomains; preload","x-frame-options":"deny","x-content-type-options":"nosniff","x-xss-protection":"0","referrer-policy":"origin-when-cross-origin, strict-origin-when-cross-origin","expect-ct":"max-age=2592000, report-uri=\"https://api.github.com/_private/browser/errors\"","content-security-policy":"default-src 'none'; base-uri 'self'; block-all-mixed-content; child-src github.com/assets-cdn/worker/ gist.github.com/assets-cdn/worker/; connect-src 'self' uploads.github.com objects-origin.githubusercontent.com www.githubstatus.com collector.githubapp.com api.github.com github-cloud.s3.amazonaws.com github-production-repository-file-5c1aeb.s3.amazonaws.com github-production-upload-manifest-file-7fdce7.s3.amazonaws.com github-production-user-asset-6210df.s3.amazonaws.com cdn.optimizely.com logx.optimizely.com/v1/events translator.github.com wss://alive.github.com; font-src github.githubassets.com; form-action 'self' github.com gist.github.com objects-origin.githubusercontent.com; frame-ancestors 'none'; frame-src render.githubusercontent.com viewscreen.githubusercontent.com notebooks.githubusercontent.com; img-src 'self' data: github.githubassets.com identicons.github.com collector.githubapp.com github-cloud.s3.amazonaws.com secured-user-images.githubusercontent.com/ *.githubusercontent.com; manifest-src 'self'; media-src github.com user-images.githubusercontent.com/; script-src github.githubassets.com; style-src 'unsafe-inline' github.githubassets.com; worker-src github.com/assets-cdn/worker/ gist.github.com/assets-cdn/worker/","x-github-request-id":"DEF9:0905:11916A8:142F44A:61A728B2"}
[debug] [2021-12-01T07:48:02.904Z] >>> [apiv2][query] GET https://api.github.com/user [none]
[debug] [2021-12-01T07:48:04.075Z] <<< [apiv2][status] GET https://api.github.com/user 200
[debug] [2021-12-01T07:48:04.075Z] <<< [apiv2][body] GET https://api.github.com/user {"login":"amirkhan-001","id":67575431,"node_id":"MDQ6VXNlcjY3NTc1NDMx","avatar_url":"https://avatars.githubusercontent.com/u/67575431?v=4","gravatar_id":"","url":"https://api.github.com/users/amirkhan-001","html_url":"https://github.com/amirkhan-001","followers_url":"https://api.github.com/users/amirkhan-001/followers","following_url":"https://api.github.com/users/amirkhan-001/following{/other_user}","gists_url":"https://api.github.com/users/amirkhan-001/gists{/gist_id}","starred_url":"https://api.github.com/users/amirkhan-001/starred{/owner}{/repo}","subscriptions_url":"https://api.github.com/users/amirkhan-001/subscriptions","organizations_url":"https://api.github.com/users/amirkhan-001/orgs","repos_url":"https://api.github.com/users/amirkhan-001/repos","events_url":"https://api.github.com/users/amirkhan-001/events{/privacy}","received_events_url":"https://api.github.com/users/amirkhan-001/received_events","type":"User","site_admin":false,"name":null,"company":null,"blog":"","location":null,"email":null,"hireable":null,"bio":null,"twitter_username":null,"public_repos":1,"public_gists":0,"followers":0,"following":0,"created_at":"2020-06-29T06:16:07Z","updated_at":"2021-12-01T07:47:47Z","private_gists":0,"total_private_repos":2,"owned_private_repos":2,"disk_usage":11136,"collaborators":0,"two_factor_authentication":false,"plan":{"name":"free","space":976562499,"collaborators":0,"private_repos":10000}}
[info] 
[info] +  Success! Logged into GitHub as amirkhan-001 
[info] 
